2021-07-14 13:27:01,372 : INFO : test_frame1 : Cart items names as follows :
2021-07-14 13:27:01,610 : INFO : test_frame1 : iphone X
2021-07-14 13:27:01,626 : INFO : test_frame1 : Samsung Note 8
2021-07-14 13:27:01,634 : INFO : test_frame1 : Nokia Edge
2021-07-14 13:27:01,650 : INFO : test_frame1 : Blackberry
2021-07-14 13:27:07,847 : INFO : test_frame1 : Success message is shown as ×
Success! Thank you! Your order will be delivered in next few weeks :-).
2021-07-14 13:29:19,658 : INFO : test_frame1 : Cart items names as follows :
2021-07-14 13:29:19,721 : INFO : test_frame1 : iphone X
2021-07-14 13:29:19,739 : INFO : test_frame1 : Samsung Note 8
2021-07-14 13:29:19,755 : INFO : test_frame1 : Nokia Edge
2021-07-14 13:29:19,772 : INFO : test_frame1 : Blackberry
2021-07-14 13:29:25,758 : INFO : test_frame1 : Success message is shown as ×
Success! Thank you! Your order will be delivered in next few weeks :-).
2021-07-14 13:30:58,872 : INFO : test_frame1 : Cart items names as follows :
2021-07-14 13:30:58,941 : INFO : test_frame1 : iphone X
2021-07-14 13:30:58,957 : INFO : test_frame1 : Samsung Note 8
2021-07-14 13:30:58,972 : INFO : test_frame1 : Nokia Edge
2021-07-14 13:30:58,988 : INFO : test_frame1 : Blackberry
2021-07-14 13:31:04,900 : INFO : test_frame1 : Success message is shown as ×
Success! Thank you! Your order will be delivered in next few weeks :-).
2021-07-14 13:32:34,626 : INFO : test_frame1 : Cart items names as follows :
2021-07-14 13:32:34,708 : INFO : test_frame1 : iphone X
2021-07-14 13:32:34,724 : INFO : test_frame1 : Samsung Note 8
2021-07-14 13:32:34,740 : INFO : test_frame1 : Nokia Edge
2021-07-14 13:32:34,740 : INFO : test_frame1 : Blackberry
2021-07-14 13:32:40,845 : INFO : test_frame1 : Success message is shown as ×
Success! Thank you! Your order will be delivered in next few weeks :-).
2021-07-14 13:39:27,836 : INFO : test_formsubmit : Name of the user is Aparna Modak
2021-07-14 13:42:20,543 : INFO : test_formsubmit : Name of the user is Rupesh Modak
2021-07-14 13:44:24,196 : INFO : test_formsubmit : Name of the user is RM
2021-07-14 13:44:25,417 : INFO : test_formsubmit : Name of the user is AM
2021-07-14 13:44:25,417 : INFO : test_formsubmit : Name of the user is AM
